2025/11/27 14:49:07 串口连接成功: COM2 - 1200
2025/11/27 14:49:09 发送命令: R
2025/11/27 14:49:09 buffer=Pr?Z?5R?wn00019.5kg
wn00019.5kg
wn00019.5kg
wn00019.5kg
wn00019.5kg
wn00019.5kg
wn00019.5kg
wn00019.5kg
wn00019.5kg
wn00019.5kg
wn00019.5kg
wn00019.5kg
wn00019.5kg
wn00019.5kg
wn00019.5kg
wn00019.5kg
wn00019.5kg
wn00019.5kg
wn00019.5kg
w
2025/11/27 14:49:09 [latestValidLine]=Pr?Z?5R?wn00019.5kg
2025/11/27 14:49:09 DateTime.Now=2025/11/27 14:49:09, lastReadTime=0001/1/1 0:00:00，00:00:01
2025/11/27 14:49:10 [警告]: 无效的类型代码: pr
2025/11/27 14:49:10 [处理最新数据]: Pr?Z?5R?wn00019.5kg
2025/11/27 14:49:16 发送命令: R
2025/11/27 14:49:16 buffer=n00019.5kg
wn00019.5kg
wn00019.5kg
wn00019.5kg
wn00019.5kg
wn00019.5kg
wn00019.5kg
wn00019.5kg
wn00019.5kg
wn00019.5kg
wn00019.5kg
wn00019.5kg
wn00019.5kg
wn00019.5kg
wn00019.5kg
wn00019.5kg
wn00019.5kg
wn00019.5kg
wn00019.5kg
wn00019.5kg
wn00019.5kg
wn00019.5kg
wn00019.5kg
wn00019.5kg
wn00019.5kg
wn00019.5kg
wn00019.5kg
wn00019.5kg
wn00019.5kg
wn00019.5kg
wn00019.5kg
wn00019.5kg
wn00019.5kg
wn00019.5kg
wn00019.5kg
wn00019.5kg
wn00019.5kg
wn00019.5kg
wn00019.5kg
wn00019.5kg
wn00019.5kg
wn00019.5kg
wn00019.5kg
wn00019.5kg
wn00019.5kg
wn00019.5kg
wn00019.5kg
2025/11/27 14:49:20 发送命令: R
2025/11/27 14:49:20 buffer=
wn00019.5kg
wn00019.5kg
wn00019.5kg
wn00019.5kg
wn00019.5kg
wn00019.5kg
wn00019.5kg
wn00019.5kg
wn00019.5kg
wn00019.5kg
wn00019.5kg
wn00019.5kg
wn00019.5kg
wn00019.5kg
wn00019.5kg
wn00019.5kg
wn00019.5kg
wn00019.5kg
wn00019.5kg
wn00019.5kg
wn00019.5kg
wn00019.5kg
wn00019.5kg
wn00019.5kg
wn00019.5kg
wn00019.5kg
wn00019.5kg
wn00019.5kg
wn0
2025/11/27 14:49:21 发送命令: R
2025/11/27 14:49:21 buffer=0019.5kg
wn00019.5kg
wn00019.5kg
wn00019.5kg
wn00019.5kg
wn00019.5k
2025/11/27 14:49:22 发送命令: R
2025/11/27 14:49:22 buffer=g
wn00019.5kg
wn00019.5kg
wn00019.5kg
wn00019.5kg
wn00019.5kg
wn00019.5kg
wn00019.5kg
wn
2025/11/27 14:49:23 发送命令: R
2025/11/27 14:49:23 buffer=00019.5kg
wn00019.5kg
wn00019.5kg
wn00019.5kg
wn00019.5kg
wn00019.5kg
wn00019.5kg
2025/11/27 14:49:23 发送命令: R
2025/11/27 14:49:23 buffer=
wn00019.5kg
wn
2025/11/27 14:49:23 发送命令: R
2025/11/27 14:49:23 buffer=00019.5kg
wn00019.5kg

2025/11/27 14:49:26 串口已断开
2025/11/27 14:49:27 程序关闭
